# JRE version: OpenJDK Runtime Environment (17.0.7) (build 17.0.7+0-b2043.56-10550314)
# Java VM: OpenJDK 64-Bit Server VM (17.0.7+0-b2043.56-10550314, mixed mode, tiered, compressed oops, compressed class ptrs, g1 gc, windows-amd64)
GC Precious Log:
 CPUs: 12 total, 12 available
 Memory: 7501M
 Large Page Support: Disabled
 NUMA Support: Disabled
 Compressed Oops: Enabled (32-bit)
 Heap Region Size: 1M
 Heap Min Capacity: 8M
 Heap Initial Capacity: 118M
 Heap Max Capacity: 2G
 Pre-touch: Disabled
 Parallel Workers: 10
 Concurrent Workers: 3
 Concurrent Refinement Workers: 10
 Periodic GC: Disabled
Heap:
 garbage-first heap   total 493568K, used 249139K [0x0000000080000000, 0x0000000100000000)
  region size 1024K, 6 young (6144K), 2 survivors (2048K)
 Metaspace       used 154617K, committed 155904K, reserved 1245184K
  class space    used 21308K, committed 21888K, reserved 1048576K
GC Heap History (20 events):
Event: 643.152 GC heap before
{Heap before GC invocations=60 (full 0):
 garbage-first heap   total 365568K, used 280576K [0x0000000080000000, 0x0000000100000000)
  region size 1024K, 79 young (80896K), 13 survivors (13312K)
 Metaspace       used 149245K, committed 150528K, reserved 1179648K
  class space    used 20713K, committed 21312K, reserved 1048576K
}
Event: 643.248 GC heap after
{Heap after GC invocations=61 (full 0):
 garbage-first heap   total 365568K, used 225151K [0x0000000080000000, 0x0000000100000000)
  region size 1024K, 10 young (10240K), 10 survivors (10240K)
 Metaspace       used 149245K, committed 150528K, reserved 1179648K
  class space    used 20713K, committed 21312K, reserved 1048576K
}
Event: 643.276 GC heap before
{Heap before GC invocations=61 (full 0):
 garbage-first heap   total 365568K, used 232319K [0x0000000080000000, 0x0000000100000000)
  region size 1024K, 17 young (17408K), 10 survivors (10240K)
 Metaspace       used 149245K, committed 150528K, reserved 1179648K
  class space    used 20713K, committed 21312K, reserved 1048576K
}
Event: 643.310 GC heap after
{Heap after GC invocations=62 (full 0):
 garbage-first heap   total 365568K, used 221101K [0x0000000080000000, 0x0000000100000000)
  region size 1024K, 3 young (3072K), 3 survivors (3072K)
 Metaspace       used 149245K, committed 150528K, reserved 1179648K
  class space    used 20713K, committed 21312K, reserved 1048576K
}
Event: 645.238 GC heap before
{Heap before GC invocations=62 (full 0):
 garbage-first heap   total 365568K, used 293805K [0x0000000080000000, 0x0000000100000000)
  region size 1024K, 75 young (76800K), 3 survivors (3072K)
 Metaspace       used 149247K, committed 150528K, reserved 1179648K
  class space    used 20713K, committed 21312K, reserved 1048576K
}
Event: 645.271 GC heap after
{Heap after GC invocations=63 (full 0):
 garbage-first heap   total 365568K, used 235520K [0x0000000080000000, 0x0000000100000000)
  region size 1024K, 10 young (10240K), 10 survivors (10240K)
 Metaspace       used 149247K, committed 150528K, reserved 1179648K
  class space    used 20713K, committed 21312K, reserved 1048576K
}
Event: 646.345 GC heap before
{Heap before GC invocations=63 (full 0):
 garbage-first heap   total 365568K, used 301056K [0x0000000080000000, 0x0000000100000000)
  region size 1024K, 74 young (75776K), 10 survivors (10240K)
 Metaspace       used 149247K, committed 150528K, reserved 1179648K
  class space    used 20713K, committed 21312K, reserved 1048576K
}
Event: 646.360 GC heap after
{Heap after GC invocations=64 (full 0):
 garbage-first heap   total 365568K, used 239177K [0x0000000080000000, 0x0000000100000000)
  region size 1024K, 5 young (5120K), 5 survivors (5120K)
 Metaspace       used 149247K, committed 150528K, reserved 1179648K
  class space    used 20713K, committed 21312K, reserved 1048576K
}
Event: 649.224 GC heap before
{Heap before GC invocations=64 (full 0):
 garbage-first heap   total 365568K, used 304713K [0x0000000080000000, 0x0000000100000000)
  region size 1024K, 69 young (70656K), 5 survivors (5120K)
 Metaspace       used 149249K, committed 150528K, reserved 1179648K
  class space    used 20713K, committed 21312K, reserved 1048576K
}
Event: 649.230 GC heap after
{Heap after GC invocations=65 (full 0):
 garbage-first heap   total 365568K, used 241395K [0x0000000080000000, 0x0000000100000000)
  region size 1024K, 7 young (7168K), 7 survivors (7168K)
 Metaspace       used 149249K, committed 150528K, reserved 1179648K
  class space    used 20713K, committed 21312K, reserved 1048576K
}
Event: 650.668 GC heap before
{Heap before GC invocations=65 (full 0):
 garbage-first heap   total 365568K, used 306931K [0x0000000080000000, 0x0000000100000000)
  region size 1024K, 71 young (72704K), 7 survivors (7168K)
 Metaspace       used 149249K, committed 150528K, reserved 1179648K
  class space    used 20713K, committed 21312K, reserved 1048576K
}
Event: 650.686 GC heap after
{Heap after GC invocations=66 (full 0):
 garbage-first heap   total 365568K, used 243904K [0x0000000080000000, 0x0000000100000000)
  region size 1024K, 7 young (7168K), 7 survivors (7168K)
 Metaspace       used 149249K, committed 150528K, reserved 1179648K
  class space    used 20713K, committed 21312K, reserved 1048576K
}
Event: 651.654 GC heap before
{Heap before GC invocations=66 (full 0):
 garbage-first heap   total 365568K, used 309440K [0x0000000080000000, 0x0000000100000000)
  region size 1024K, 71 young (72704K), 7 survivors (7168K)
 Metaspace       used 149249K, committed 150528K, reserved 1179648K
  class space    used 20713K, committed 21312K, reserved 1048576K
}
Event: 651.666 GC heap after
{Heap after GC invocations=67 (full 0):
 garbage-first heap   total 365568K, used 246431K [0x0000000080000000, 0x0000000100000000)
  region size 1024K, 7 young (7168K), 7 survivors (7168K)
 Metaspace       used 149249K, committed 150528K, reserved 1179648K
  class space    used 20713K, committed 21312K, reserved 1048576K
}
Event: 652.573 GC heap before
{Heap before GC invocations=67 (full 0):
 garbage-first heap   total 365568K, used 314015K [0x0000000080000000, 0x0000000100000000)
  region size 1024K, 64 young (65536K), 7 survivors (7168K)
 Metaspace       used 149249K, committed 150528K, reserved 1179648K
  class space    used 20713K, committed 21312K, reserved 1048576K
}
Event: 652.602 GC heap after
{Heap after GC invocations=68 (full 0):
 garbage-first heap   total 365568K, used 259606K [0x0000000080000000, 0x0000000100000000)
  region size 1024K, 8 young (8192K), 8 survivors (8192K)
 Metaspace       used 149249K, committed 150528K, reserved 1179648K
  class space    used 20713K, committed 21312K, reserved 1048576K
}
Event: 653.891 GC heap before
{Heap before GC invocations=69 (full 0):
 garbage-first heap   total 493568K, used 305686K [0x0000000080000000, 0x0000000100000000)
  region size 1024K, 50 young (51200K), 8 survivors (8192K)
 Metaspace       used 152372K, committed 153600K, reserved 1245184K
  class space    used 21041K, committed 21632K, reserved 1048576K
}
Event: 654.115 GC heap after
{Heap after GC invocations=70 (full 0):
 garbage-first heap   total 493568K, used 252749K [0x0000000080000000, 0x0000000100000000)
  region size 1024K, 7 young (7168K), 7 survivors (7168K)
 Metaspace       used 152372K, committed 153600K, reserved 1245184K
  class space    used 21041K, committed 21632K, reserved 1048576K
}
Event: 654.779 GC heap before
{Heap before GC invocations=70 (full 0):
 garbage-first heap   total 493568K, used 270157K [0x0000000080000000, 0x0000000100000000)
  region size 1024K, 24 young (24576K), 7 survivors (7168K)
 Metaspace       used 154250K, committed 155456K, reserved 1245184K
  class space    used 21259K, committed 21824K, reserved 1048576K
}
Event: 654.801 GC heap after
{Heap after GC invocations=71 (full 0):
 garbage-first heap   total 493568K, used 246067K [0x0000000080000000, 0x0000000100000000)
  region size 1024K, 2 young (2048K), 2 survivors (2048K)
 Metaspace       used 154250K, committed 155456K, reserved 1245184K
  class space    used 21259K, committed 21824K, reserved 1048576K
}

