# JRE version: OpenJDK Runtime Environment (17.0.7) (build 17.0.7+0-b2043.56-10550314)
# Java VM: OpenJDK 64-Bit Server VM (17.0.7+0-b2043.56-10550314, mixed mode, tiered, compressed oops, compressed class ptrs, g1 gc, windows-amd64)
GC Precious Log:
 CPUs: 12 total, 12 available
 Memory: 7501M
 Large Page Support: Disabled
 NUMA Support: Disabled
 Compressed Oops: Enabled (32-bit)
 Heap Region Size: 1M
 Heap Min Capacity: 8M
 Heap Initial Capacity: 118M
 Heap Max Capacity: 2G
 Pre-touch: Disabled
 Parallel Workers: 10
 Concurrent Workers: 3
 Concurrent Refinement Workers: 10
 Periodic GC: Disabled
Heap:
 garbage-first heap   total 550912K, used 264189K [0x0000000080000000, 0x0000000100000000)
  region size 1024K, 93 young (95232K), 26 survivors (26624K)
 Metaspace       used 106350K, committed 107136K, reserved 1179648K
  class space    used 14471K, committed 14848K, reserved 1048576K
GC Heap History (20 events):
Event: 15.421 GC heap before
{Heap before GC invocations=52 (full 0):
 garbage-first heap   total 193536K, used 140108K [0x0000000080000000, 0x0000000100000000)
  region size 1024K, 27 young (27648K), 4 survivors (4096K)
 Metaspace       used 91814K, committed 92608K, reserved 1179648K
  class space    used 12600K, committed 12992K, reserved 1048576K
}
Event: 15.427 GC heap after
{Heap after GC invocations=53 (full 0):
 garbage-first heap   total 193536K, used 122379K [0x0000000080000000, 0x0000000100000000)
  region size 1024K, 6 young (6144K), 6 survivors (6144K)
 Metaspace       used 91814K, committed 92608K, reserved 1179648K
  class space    used 12600K, committed 12992K, reserved 1048576K
}
Event: 16.255 GC heap before
{Heap before GC invocations=54 (full 0):
 garbage-first heap   total 217088K, used 185867K [0x0000000080000000, 0x0000000100000000)
  region size 1024K, 43 young (44032K), 6 survivors (6144K)
 Metaspace       used 95881K, committed 96640K, reserved 1179648K
  class space    used 13146K, committed 13504K, reserved 1048576K
}
Event: 16.262 GC heap after
{Heap after GC invocations=55 (full 0):
 garbage-first heap   total 217088K, used 149759K [0x0000000080000000, 0x0000000100000000)
  region size 1024K, 6 young (6144K), 6 survivors (6144K)
 Metaspace       used 95881K, committed 96640K, reserved 1179648K
  class space    used 13146K, committed 13504K, reserved 1048576K
}
Event: 16.300 GC heap before
{Heap before GC invocations=55 (full 0):
 garbage-first heap   total 217088K, used 153855K [0x0000000080000000, 0x0000000100000000)
  region size 1024K, 10 young (10240K), 6 survivors (6144K)
 Metaspace       used 96505K, committed 97280K, reserved 1179648K
  class space    used 13225K, committed 13568K, reserved 1048576K
}
Event: 16.304 GC heap after
{Heap after GC invocations=56 (full 0):
 garbage-first heap   total 217088K, used 149734K [0x0000000080000000, 0x0000000100000000)
  region size 1024K, 1 young (1024K), 1 survivors (1024K)
 Metaspace       used 96505K, committed 97280K, reserved 1179648K
  class space    used 13225K, committed 13568K, reserved 1048576K
}
Event: 16.650 GC heap before
{Heap before GC invocations=56 (full 0):
 garbage-first heap   total 217088K, used 180454K [0x0000000080000000, 0x0000000100000000)
  region size 1024K, 32 young (32768K), 1 survivors (1024K)
 Metaspace       used 97414K, committed 98176K, reserved 1179648K
  class space    used 13345K, committed 13696K, reserved 1048576K
}
Event: 16.652 GC heap after
{Heap after GC invocations=57 (full 0):
 garbage-first heap   total 217088K, used 151705K [0x0000000080000000, 0x0000000100000000)
  region size 1024K, 3 young (3072K), 3 survivors (3072K)
 Metaspace       used 97414K, committed 98176K, reserved 1179648K
  class space    used 13345K, committed 13696K, reserved 1048576K
}
Event: 16.813 GC heap before
{Heap before GC invocations=57 (full 0):
 garbage-first heap   total 217088K, used 160921K [0x0000000080000000, 0x0000000100000000)
  region size 1024K, 13 young (13312K), 3 survivors (3072K)
 Metaspace       used 98084K, committed 98880K, reserved 1179648K
  class space    used 13434K, committed 13824K, reserved 1048576K
}
Event: 16.816 GC heap after
{Heap after GC invocations=58 (full 0):
 garbage-first heap   total 217088K, used 152356K [0x0000000080000000, 0x0000000100000000)
  region size 1024K, 3 young (3072K), 3 survivors (3072K)
 Metaspace       used 98084K, committed 98880K, reserved 1179648K
  class space    used 13434K, committed 13824K, reserved 1048576K
}
Event: 16.986 GC heap before
{Heap before GC invocations=59 (full 0):
 garbage-first heap   total 275456K, used 188196K [0x0000000080000000, 0x0000000100000000)
  region size 1024K, 35 young (35840K), 3 survivors (3072K)
 Metaspace       used 98097K, committed 98880K, reserved 1179648K
  class space    used 13434K, committed 13824K, reserved 1048576K
}
Event: 16.996 GC heap after
{Heap after GC invocations=60 (full 0):
 garbage-first heap   total 275456K, used 166362K [0x0000000080000000, 0x0000000100000000)
  region size 1024K, 5 young (5120K), 5 survivors (5120K)
 Metaspace       used 98097K, committed 98880K, reserved 1179648K
  class space    used 13434K, committed 13824K, reserved 1048576K
}
Event: 17.024 GC heap before
{Heap before GC invocations=60 (full 0):
 garbage-first heap   total 275456K, used 173530K [0x0000000080000000, 0x0000000100000000)
  region size 1024K, 13 young (13312K), 5 survivors (5120K)
 Metaspace       used 98097K, committed 98880K, reserved 1179648K
  class space    used 13434K, committed 13824K, reserved 1048576K
}
Event: 17.032 GC heap after
{Heap after GC invocations=61 (full 0):
 garbage-first heap   total 275456K, used 169808K [0x0000000080000000, 0x0000000100000000)
  region size 1024K, 2 young (2048K), 2 survivors (2048K)
 Metaspace       used 98097K, committed 98880K, reserved 1179648K
  class space    used 13434K, committed 13824K, reserved 1048576K
}
Event: 17.889 GC heap before
{Heap before GC invocations=61 (full 0):
 garbage-first heap   total 275456K, used 217936K [0x0000000080000000, 0x0000000100000000)
  region size 1024K, 50 young (51200K), 2 survivors (2048K)
 Metaspace       used 98125K, committed 98944K, reserved 1179648K
  class space    used 13434K, committed 13824K, reserved 1048576K
}
Event: 17.897 GC heap after
{Heap after GC invocations=62 (full 0):
 garbage-first heap   total 550912K, used 176571K [0x0000000080000000, 0x0000000100000000)
  region size 1024K, 7 young (7168K), 7 survivors (7168K)
 Metaspace       used 98125K, committed 98944K, reserved 1179648K
  class space    used 13434K, committed 13824K, reserved 1048576K
}
Event: 20.275 GC heap before
{Heap before GC invocations=62 (full 0):
 garbage-first heap   total 550912K, used 299451K [0x0000000080000000, 0x0000000100000000)
  region size 1024K, 127 young (130048K), 7 survivors (7168K)
 Metaspace       used 98129K, committed 98944K, reserved 1179648K
  class space    used 13435K, committed 13824K, reserved 1048576K
}
Event: 20.289 GC heap after
{Heap after GC invocations=63 (full 0):
 garbage-first heap   total 550912K, used 181243K [0x0000000080000000, 0x0000000100000000)
  region size 1024K, 12 young (12288K), 12 survivors (12288K)
 Metaspace       used 98129K, committed 98944K, reserved 1179648K
  class space    used 13435K, committed 13824K, reserved 1048576K
}
Event: 24.148 GC heap before
{Heap before GC invocations=63 (full 0):
 garbage-first heap   total 550912K, used 430075K [0x0000000080000000, 0x0000000100000000)
  region size 1024K, 240 young (245760K), 12 survivors (12288K)
 Metaspace       used 98348K, committed 99136K, reserved 1179648K
  class space    used 13468K, committed 13824K, reserved 1048576K
}
Event: 24.168 GC heap after
{Heap after GC invocations=64 (full 0):
 garbage-first heap   total 550912K, used 195581K [0x0000000080000000, 0x0000000100000000)
  region size 1024K, 26 young (26624K), 26 survivors (26624K)
 Metaspace       used 98348K, committed 99136K, reserved 1179648K
  class space    used 13468K, committed 13824K, reserved 1048576K
}

